<?xml version="1.0" encoding="UTF-8"?>
<testng-results ignored="0" total="1" passed="1" failed="0" skipped="0">
  <reporter-output>
  </reporter-output>
  <suite started-at="2024-10-28T16:26:13 IST" name="Default suite" finished-at="2024-10-28T16:26:24 IST" duration-ms="11481">
    <groups>
    </groups>
    <test started-at="2024-10-28T16:26:13 IST" name="Default test" finished-at="2024-10-28T16:26:24 IST" duration-ms="11481">
      <class name="SauceLab.tests.TestScript">
        <test-method signature="sauceLabTest()[pri:0, instance:SauceLab.tests.TestScript@f09733f]" started-at="2024-10-28T16:26:13 IST" name="sauceLabTest" finished-at="2024-10-28T16:26:24 IST" duration-ms="11423" status="PASS">
          <reporter-output>
          </reporter-output>
        </test-method> <!-- sauceLabTest -->
      </class> <!-- SauceLab.tests.TestScript -->
    </test> <!-- Default test -->
  </suite> <!-- Default suite -->
</testng-results>
